{"contracts/Attacker.sol":{"l":{"16":3,"23":2,"25":1,"27":2,"29":1},"path":"/Users/I528966/Desktop/BITS/escrow-smart-contract/contracts/Attacker.sol","s":{},"b":{"1":[1,1],"2":[1,1]},"f":{"1":3,"2":1,"3":2},"fnMap":{"1":{"name":"constructor","line":15,"loc":{"start":{"line":15,"column":4},"end":{"line":17,"column":4}}},"2":{"name":"setTryRelease","line":19,"loc":{"start":{"line":19,"column":4},"end":{"line":19,"column":62}}},"3":{"name":"setTryRefund","line":20,"loc":{"start":{"line":20,"column":4},"end":{"line":20,"column":60}}}},"statementMap":{},"branchMap":{"1":{"line":23,"type":"if","locations":[{"start":{"line":23,"column":8},"end":{"line":23,"column":8}},{"start":{"line":23,"column":8},"end":{"line":23,"column":8}}]},"2":{"line":27,"type":"if","locations":[{"start":{"line":27,"column":8},"end":{"line":27,"column":8}},{"start":{"line":27,"column":8},"end":{"line":27,"column":8}}]}}},"contracts/Escrow.sol":{"l":{"19":27,"20":21,"24":27,"25":26,"29":40,"30":38,"31":38,"32":38,"36":26,"37":25,"38":24,"39":24,"40":24,"44":11,"45":7,"46":7,"47":7,"49":7,"50":7,"52":7,"53":7,"55":7,"59":10,"60":6,"61":6,"62":6,"64":6,"65":6,"67":6,"68":6,"70":6,"74":2},"path":"/Users/I528966/Desktop/BITS/escrow-smart-contract/contracts/Escrow.sol","s":{"1":27,"2":27,"3":40,"4":26,"5":25,"6":24,"7":11,"8":7,"9":7,"10":7,"11":7,"12":7,"13":10,"14":6,"15":6,"16":6,"17":6,"18":6,"19":2},"b":{"1":[21,6],"2":[26,1],"3":[38,2],"4":[26,1],"5":[25,1],"6":[24,1],"7":[11,3],"8":[11,0],"9":[7,4],"10":[7,0],"11":[7,0],"12":[10,3],"13":[10,0],"14":[6,4],"15":[6,0],"16":[6,0]},"f":{"1":27,"2":27,"3":40,"4":26,"5":11,"6":10,"7":2},"fnMap":{"1":{"name":"onlyArbiter","line":18,"loc":{"start":{"line":18,"column":4},"end":{"line":21,"column":4}}},"2":{"name":"onlyDepositor","line":23,"loc":{"start":{"line":23,"column":4},"end":{"line":26,"column":4}}},"3":{"name":"constructor","line":28,"loc":{"start":{"line":28,"column":4},"end":{"line":33,"column":4}}},"4":{"name":"deposit","line":35,"loc":{"start":{"line":35,"column":4},"end":{"line":41,"column":4}}},"5":{"name":"release","line":43,"loc":{"start":{"line":43,"column":4},"end":{"line":56,"column":4}}},"6":{"name":"refund","line":58,"loc":{"start":{"line":58,"column":4},"end":{"line":71,"column":4}}},"7":{"name":"balance","line":73,"loc":{"start":{"line":73,"column":4},"end":{"line":75,"column":4}}}},"statementMap":{"1":{"start":{"line":19,"column":8},"end":{"line":19,"column":53}},"2":{"start":{"line":24,"column":8},"end":{"line":24,"column":57}},"3":{"start":{"line":29,"column":8},"end":{"line":29,"column":84}},"4":{"start":{"line":36,"column":8},"end":{"line":36,"column":41}},"5":{"start":{"line":37,"column":8},"end":{"line":37,"column":41}},"6":{"start":{"line":40,"column":8},"end":{"line":40,"column":45}},"7":{"start":{"line":44,"column":8},"end":{"line":44,"column":36}},"8":{"start":{"line":45,"column":8},"end":{"line":45,"column":47}},"9":{"start":{"line":49,"column":8},"end":{"line":49,"column":31}},"10":{"start":{"line":52,"column":8},"end":{"line":52,"column":66}},"11":{"start":{"line":53,"column":8},"end":{"line":53,"column":37}},"12":{"start":{"line":55,"column":8},"end":{"line":55,"column":42}},"13":{"start":{"line":59,"column":8},"end":{"line":59,"column":36}},"14":{"start":{"line":60,"column":8},"end":{"line":60,"column":47}},"15":{"start":{"line":64,"column":8},"end":{"line":64,"column":31}},"16":{"start":{"line":67,"column":8},"end":{"line":67,"column":64}},"17":{"start":{"line":68,"column":8},"end":{"line":68,"column":37}},"18":{"start":{"line":70,"column":8},"end":{"line":70,"column":40}},"19":{"start":{"line":74,"column":8},"end":{"line":74,"column":36}}},"branchMap":{"1":{"line":19,"type":"if","locations":[{"start":{"line":19,"column":8},"end":{"line":19,"column":8}},{"start":{"line":19,"column":8},"end":{"line":19,"column":8}}]},"2":{"line":24,"type":"if","locations":[{"start":{"line":24,"column":8},"end":{"line":24,"column":8}},{"start":{"line":24,"column":8},"end":{"line":24,"column":8}}]},"3":{"line":29,"type":"if","locations":[{"start":{"line":29,"column":8},"end":{"line":29,"column":8}},{"start":{"line":29,"column":8},"end":{"line":29,"column":8}}]},"4":{"line":35,"type":"if","locations":[{"start":{"line":35,"column":40},"end":{"line":35,"column":40}},{"start":{"line":35,"column":40},"end":{"line":35,"column":40}}]},"5":{"line":36,"type":"if","locations":[{"start":{"line":36,"column":8},"end":{"line":36,"column":8}},{"start":{"line":36,"column":8},"end":{"line":36,"column":8}}]},"6":{"line":37,"type":"if","locations":[{"start":{"line":37,"column":8},"end":{"line":37,"column":8}},{"start":{"line":37,"column":8},"end":{"line":37,"column":8}}]},"7":{"line":43,"type":"if","locations":[{"start":{"line":43,"column":32},"end":{"line":43,"column":32}},{"start":{"line":43,"column":32},"end":{"line":43,"column":32}}]},"8":{"line":43,"type":"if","locations":[{"start":{"line":43,"column":44},"end":{"line":43,"column":44}},{"start":{"line":43,"column":44},"end":{"line":43,"column":44}}]},"9":{"line":44,"type":"if","locations":[{"start":{"line":44,"column":8},"end":{"line":44,"column":8}},{"start":{"line":44,"column":8},"end":{"line":44,"column":8}}]},"10":{"line":45,"type":"if","locations":[{"start":{"line":45,"column":8},"end":{"line":45,"column":8}},{"start":{"line":45,"column":8},"end":{"line":45,"column":8}}]},"11":{"line":53,"type":"if","locations":[{"start":{"line":53,"column":8},"end":{"line":53,"column":8}},{"start":{"line":53,"column":8},"end":{"line":53,"column":8}}]},"12":{"line":58,"type":"if","locations":[{"start":{"line":58,"column":31},"end":{"line":58,"column":31}},{"start":{"line":58,"column":31},"end":{"line":58,"column":31}}]},"13":{"line":58,"type":"if","locations":[{"start":{"line":58,"column":43},"end":{"line":58,"column":43}},{"start":{"line":58,"column":43},"end":{"line":58,"column":43}}]},"14":{"line":59,"type":"if","locations":[{"start":{"line":59,"column":8},"end":{"line":59,"column":8}},{"start":{"line":59,"column":8},"end":{"line":59,"column":8}}]},"15":{"line":60,"type":"if","locations":[{"start":{"line":60,"column":8},"end":{"line":60,"column":8}},{"start":{"line":60,"column":8},"end":{"line":60,"column":8}}]},"16":{"line":68,"type":"if","locations":[{"start":{"line":68,"column":8},"end":{"line":68,"column":8}},{"start":{"line":68,"column":8},"end":{"line":68,"column":8}}]}}}}