TN:
SF:/Users/I528966/Desktop/BITS/escrow-smart-contract/contracts/Attacker.sol
FN:15,constructor
FN:19,setTryRelease
FN:20,setTryRefund
FNF:3
FNH:3
FNDA:3,constructor
FNDA:1,setTryRelease
FNDA:2,setTryRefund
DA:16,3
DA:23,2
DA:25,1
DA:27,2
DA:29,1
LF:5
LH:5
BRDA:23,1,0,1
BRDA:23,1,1,1
BRDA:27,2,0,1
BRDA:27,2,1,1
BRF:4
BRH:4
end_of_record
TN:
SF:/Users/I528966/Desktop/BITS/escrow-smart-contract/contracts/Escrow.sol
FN:18,onlyArbiter
FN:23,onlyDepositor
FN:28,constructor
FN:35,deposit
FN:43,release
FN:58,refund
FN:73,balance
FNF:7
FNH:7
FNDA:28,onlyArbiter
FNDA:29,onlyDepositor
FNDA:42,constructor
FNDA:28,deposit
FNDA:12,release
FNDA:10,refund
FNDA:2,balance
DA:19,28
DA:20,22
DA:24,29
DA:25,28
DA:29,42
DA:30,40
DA:31,40
DA:32,40
DA:36,28
DA:37,27
DA:38,26
DA:39,26
DA:40,26
DA:44,12
DA:45,8
DA:46,8
DA:47,8
DA:49,8
DA:50,8
DA:52,8
DA:53,8
DA:55,7
DA:59,10
DA:60,6
DA:61,6
DA:62,6
DA:64,6
DA:65,6
DA:67,6
DA:68,6
DA:70,6
DA:74,2
LF:32
LH:32
BRDA:19,1,0,22
BRDA:19,1,1,6
BRDA:24,2,0,28
BRDA:24,2,1,1
BRDA:29,3,0,40
BRDA:29,3,1,2
BRDA:35,4,0,28
BRDA:35,4,1,1
BRDA:36,5,0,27
BRDA:36,5,1,1
BRDA:37,6,0,26
BRDA:37,6,1,1
BRDA:43,7,0,12
BRDA:43,7,1,3
BRDA:43,8,0,12
BRDA:43,8,1,0
BRDA:44,9,0,8
BRDA:44,9,1,4
BRDA:45,10,0,8
BRDA:45,10,1,0
BRDA:53,11,0,7
BRDA:53,11,1,1
BRDA:58,12,0,10
BRDA:58,12,1,3
BRDA:58,13,0,10
BRDA:58,13,1,0
BRDA:59,14,0,6
BRDA:59,14,1,4
BRDA:60,15,0,6
BRDA:60,15,1,0
BRDA:68,16,0,6
BRDA:68,16,1,0
BRF:32
BRH:27
end_of_record
TN:
SF:/Users/I528966/Desktop/BITS/escrow-smart-contract/contracts/Rejector.sol
FNF:0
FNH:0
DA:7,1
LF:1
LH:1
BRF:0
BRH:0
end_of_record
